proguard/seeds.txt
android.support.v7.widget.Toolbar$SavedState
android.support.v7.widget.Toolbar$SavedState: android.os.Parcelable$Creator CREATOR
com.google.gson.FieldNamingPolicy: com.google.gson.FieldNamingPolicy[] values()
com.google.gson.FieldNamingPolicy: com.google.gson.FieldNamingPolicy valueOf(java.lang.String)
com.google.gson.LongSerializationPolicy: com.google.gson.LongSerializationPolicy[] values()
com.google.gson.LongSerializationPolicy: com.google.gson.LongSerializationPolicy valueOf(java.lang.String)
com.google.gson.stream.JsonToken: com.google.gson.stream.JsonToken[] values()
com.google.gson.stream.JsonToken: com.google.gson.stream.JsonToken valueOf(java.lang.String)
com.hxg.apitest.ChooseActivity
com.hxg.apitest.ChooseActivity: ChooseActivity()
com.hxg.apitest.IndexActivity
com.hxg.apitest.IndexActivity: IndexActivity()
com.hxg.apitest.IndexActivity: void onClick(android.view.View)
com.hxg.apitest.MainActivity
com.hxg.apitest.MainActivity: MainActivity()
com.hxg.apitest.R$anim: int abc_fade_in
com.hxg.apitest.R$anim: int abc_fade_out
com.hxg.apitest.R$anim: int abc_grow_fade_in_from_bottom
com.hxg.apitest.R$anim: int abc_shrink_fade_out_from_bottom
com.hxg.apitest.R$anim: int abc_slide_in_bottom
com.hxg.apitest.R$anim: int abc_slide_in_top
com.hxg.apitest.R$anim: int abc_slide_out_bottom
com.hxg.apitest.R$anim: int abc_slide_out_top
com.hxg.apitest.R$attr: int actionBarDivider
com.hxg.apitest.R$attr: int actionBarItemBackground
com.hxg.apitest.R$attr: int actionBarPopupTheme
com.hxg.apitest.R$attr: int actionBarSize
com.hxg.apitest.R$attr: int actionBarSplitStyle
com.hxg.apitest.R$attr: int actionBarStyle
com.hxg.apitest.R$attr: int actionBarTabBarStyle
com.hxg.apitest.R$attr: int actionBarTabStyle
com.hxg.apitest.R$attr: int actionBarTabTextStyle
com.hxg.apitest.R$attr: int actionBarTheme
com.hxg.apitest.R$attr: int actionBarWidgetTheme
com.hxg.apitest.R$attr: int actionButtonStyle
com.hxg.apitest.R$attr: int actionDropDownStyle
com.hxg.apitest.R$attr: int actionLayout
com.hxg.apitest.R$attr: int actionMenuTextAppearance
com.hxg.apitest.R$attr: int actionMenuTextColor
com.hxg.apitest.R$attr: int actionModeBackground
com.hxg.apitest.R$attr: int actionModeCloseButtonStyle
com.hxg.apitest.R$attr: int actionModeCloseDrawable
com.hxg.apitest.R$attr: int actionModeCopyDrawable
com.hxg.apitest.R$attr: int actionModeCutDrawable
com.hxg.apitest.R$attr: int actionModeFindDrawable
com.hxg.apitest.R$attr: int actionModePasteDrawable
com.hxg.apitest.R$attr: int actionModePopupWindowStyle
com.hxg.apitest.R$attr: int actionModeSelectAllDrawable
com.hxg.apitest.R$attr: int actionModeShareDrawable
com.hxg.apitest.R$attr: int actionModeSplitBackground
com.hxg.apitest.R$attr: int actionModeStyle
com.hxg.apitest.R$attr: int actionModeWebSearchDrawable
com.hxg.apitest.R$bool: int abc_action_bar_embed_tabs
com.hxg.apitest.R$bool: int abc_action_bar_embed_tabs_pre_jb
com.hxg.apitest.R$bool: int abc_action_bar_expanded_action_views_exclusive
com.hxg.apitest.R$bool: int abc_config_actionMenuItemAllCaps
com.hxg.apitest.R$bool: int abc_config_allowActionMenuItemTextWithIcon
com.hxg.apitest.R$bool: int abc_config_showMenuShortcutsWhenKeyboardPresent