proguard/usage.txt
android.support.v7.widget.SearchView$9
android.support.v7.widget.SearchView$AutoCompleteTextViewReflector:
    1788:1798:void showSoftInputUnchecked(android.view.inputmethod.InputMethodManager,android.view.View,int)
android.support.v7.widget.SearchView$OnQueryTextListener:
    public abstract boolean onQueryTextChange(java.lang.String)
android.support.v7.widget.SearchView$OnSuggestionListener:
    public abstract boolean onSuggestionSelect(int)
    public abstract boolean onSuggestionClick(int)
android.support.v7.widget.SearchView$SearchAutoComplete:
    1641:1641:private boolean isEmpty()
    1609:1609:static synthetic boolean access$1700(android.support.v7.widget.SearchView$SearchAutoComplete)
android.support.v7.widget.ShareActionProvider
android.support.v7.widget.ShareActionProvider$1
android.support.v7.widget.ShareActionProvider$OnShareTargetSelectedListener
android.support.v7.widget.ShareActionProvider$ShareActivityChooserModelPolicy
android.support.v7.widget.ShareActionProvider$ShareMenuItemOnMenuItemClickListener
android.support.v7.widget.SuggestionsAdapter:
    private static final boolean DBG
    private static final java.lang.String LOG_TAG
    private static final int QUERY_LIMIT
    static final int REFINE_NONE
    static final int REFINE_BY_ENTRY
    static final int REFINE_ALL
    static final int INVALID_INDEX
    126:126:public int getQueryRefinement()
    174:176:public void close()
android.support.v7.widget.SwitchCompat
android.support.v7.widget.SwitchCompat$1
android.support.v7.widget.Toolbar:
    private static final java.lang.String TAG
    416:431:public boolean isTitleTruncated()
    861:862:public void inflateMenu(int)
    951:952:public void setContentInsetsAbsolute(int,int)
    1725:1725:private static boolean isCustomView(android.view.View)
    1769:1771:public void setMenuCallbacks(android.support.v7.internal.view.menu.MenuPresenter$Callback,android.support.v7.internal.view.menu.MenuBuilder$Callback)
android.support.v7.widget.Toolbar$ExpandedActionViewMenuPresenter:
    1919:1919:public android.support.v7.internal.view.menu.MenuView getMenuView(android.view.ViewGroup)
    1948:1948:public void setCallback(android.support.v7.internal.view.menu.MenuPresenter$Callback)
    2013:2013:public int getId()
    2018:2018:public android.os.Parcelable onSaveInstanceState()
    2023:2023:public void onRestoreInstanceState(android.os.Parcelable)
android.support.v7.widget.Toolbar$LayoutParams:
    static final int CUSTOM
    static final int SYSTEM
    static final int EXPANDED
    1832:1834:public Toolbar$LayoutParams(int,int,int)
    1837:1838:public Toolbar$LayoutParams(int)
android.support.v7.widget.WindowCallbackWrapper
com.google.gson.DefaultDateTypeAdapter
com.google.gson.ExclusionStrategy
com.google.gson.FieldAttributes
com.google.gson.FieldNamingPolicy
com.google.gson.FieldNamingPolicy$1
com.google.gson.FieldNamingPolicy$2
com.google.gson.FieldNamingPolicy$3
com.google.gson.FieldNamingPolicy$4
com.google.gson.FieldNamingPolicy$5
com.google.gson.FieldNamingStrategy
com.google.gson.Gson
com.google.gson.Gson$1
com.google.gson.Gson$2
com.google.gson.Gson$3
com.google.gson.Gson$4
com.google.gson.Gson$5
com.google.gson.Gson$FutureTypeAdapter
com.google.gson.GsonBuilder
com.google.gson.InstanceCreator
com.google.gson.JsonArray
com.google.gson.JsonDeserializationContext
com.google.gson.JsonDeserializer
com.google.gson.JsonElement
com.google.gson.JsonIOException
com.google.gson.JsonNull
com.google.gson.JsonObject
com.google.gson.JsonParseException
com.google.gson.JsonParser
com.google.gson.JsonPrimitive
com.google.gson.JsonSerializationContext
com.google.gson.JsonSerializer
com.google.gson.JsonStreamParser
com.google.gson.JsonSyntaxException
com.google.gson.LongSerializationPolicy
com.google.gson.LongSerializationPolicy$1
com.google.gson.LongSerializationPolicy$2
com.google.gson.TreeTypeAdapter
com.google.gson.TreeTypeAdapter$1